

***********************************************************************
Fatal NI connect error 12514, connecting to:
 (DESCRIPTION=(ADDRESS=(PROTOCOL=TCP)(HOST=CMSONRADG1-S.cern.ch)(PORT=10121))(ADDRESS=(PROTOCOL=TCP)(HOST=CMSONRADG2-S.cern.ch)(PORT=10121))(LOAD_BALANCE=on)(ENABLE=BROKEN)(CONNECT_DATA=(SERVER=DEDICATED)(SERVICE_NAME=cms_orcon_adg.cern.ch)(CID=(PROGRAM=python)(HOST=lxplus719.cern.ch)(USER=adewit))))

  VERSION INFORMATION:
	TNS for Linux: Version 11.2.0.4.0 - Production
	TCP/IP NT Protocol Adapter for Linux: Version 11.2.0.4.0 - Production
  Time: 08-AUG-2019 10:48:22
  Tracing not turned on.
  Tns error struct:
    ns main err code: 12564
    TNS-12564: Message 12564 not found; No message file for product=network, facility=TNS
    ns secondary err code: 0
    nt main err code: 0
    nt secondary err code: 0
    nt OS err code: 0


***********************************************************************
Fatal NI connect error 12514, connecting to:
 (DESCRIPTION=(ADDRESS=(PROTOCOL=TCP)(HOST=CMSONRADG1-S.cern.ch)(PORT=10121))(ADDRESS=(PROTOCOL=TCP)(HOST=CMSONRADG2-S.cern.ch)(PORT=10121))(LOAD_BALANCE=on)(ENABLE=BROKEN)(CONNECT_DATA=(SERVER=DEDICATED)(SERVICE_NAME=cms_orcon_adg.cern.ch)(CID=(PROGRAM=python)(HOST=lxplus719.cern.ch)(USER=adewit))))

  VERSION INFORMATION:
	TNS for Linux: Version 11.2.0.4.0 - Production
	TCP/IP NT Protocol Adapter for Linux: Version 11.2.0.4.0 - Production
  Time: 08-AUG-2019 10:48:51
  Tracing not turned on.
  Tns error struct:
    ns main err code: 12564
    TNS-12564: Message 12564 not found; No message file for product=network, facility=TNS
    ns secondary err code: 0
    nt main err code: 0
    nt secondary err code: 0
    nt OS err code: 0
